Determining if the pthread_create exist failed with the following output:
Change Dir: /data/workspace/super_point/build/CMakeFiles/CMakeTmp

Run Build Command:"/usr/bin/ninja" "cmTC_920a8"
[1/2] Building C object CMakeFiles/cmTC_920a8.dir/CheckSymbolExists.c.o
[2/2] Linking C executable cmTC_920a8
FAILED: cmTC_920a8 
: && /usr/bin/gcc-7 -fPIC  -rdynamic CMakeFiles/cmTC_920a8.dir/CheckSymbolExists.c.o  -o cmTC_920a8   && :
CMakeFiles/cmTC_920a8.dir/CheckSymbolExists.c.o: In function `main':
CheckSymbolExists.c:(.text+0x1b): undefined reference to `pthread_create'
collect2: error: ld returned 1 exit status
ninja: build stopped: subcommand failed.

File /data/workspace/super_point/build/CMakeFiles/CMakeTmp/CheckSymbolExists.c:
/* */
#include <pthread.h>

int main(int argc, char** argv)
{
  (void)argv;
#ifndef pthread_create
  return ((int*)(&pthread_create))[argc];
#else
  (void)argc;
  return 0;
#endif
}

Determining if the function pthread_create exists in the pthreads failed with the following output:
Change Dir: /data/workspace/super_point/build/CMakeFiles/CMakeTmp

Run Build Command:"/usr/bin/ninja" "cmTC_f7291"
[1/2] Building C object CMakeFiles/cmTC_f7291.dir/CheckFunctionExists.c.o
[2/2] Linking C executable cmTC_f7291
FAILED: cmTC_f7291 
: && /usr/bin/gcc-7 -fPIC -DCHECK_FUNCTION_EXISTS=pthread_create  -rdynamic CMakeFiles/cmTC_f7291.dir/CheckFunctionExists.c.o  -o cmTC_f7291  -lpthreads && :
/usr/bin/ld: cannot find -lpthreads
collect2: error: ld returned 1 exit status
ninja: build stopped: subcommand failed.


Performing C SOURCE FILE Test CMAKE_HAVE_LIBC_PTHREAD failed with the following output:
Change Dir: /data/workspace/super_point/build/CMakeFiles/CMakeTmp

Run Build Command(s):/usr/bin/ninja cmTC_2c2a3 && [1/2] Building C object CMakeFiles/cmTC_2c2a3.dir/src.c.o
[2/2] Linking C executable cmTC_2c2a3
FAILED: cmTC_2c2a3 
: && /usr/bin/gcc-7  -rdynamic CMakeFiles/cmTC_2c2a3.dir/src.c.o -o cmTC_2c2a3   && :
CMakeFiles/cmTC_2c2a3.dir/src.c.o: In function `main':
src.c:(.text+0x3e): undefined reference to `pthread_create'
src.c:(.text+0x4a): undefined reference to `pthread_detach'
src.c:(.text+0x56): undefined reference to `pthread_cancel'
src.c:(.text+0x67): undefined reference to `pthread_join'
src.c:(.text+0x7b): undefined reference to `pthread_atfork'
collect2: error: ld returned 1 exit status
ninja: build stopped: subcommand failed.


Source file was:
#include <pthread.h>

static void* test_func(void* data)
{
  return data;
}

int main(void)
{
  pthread_t thread;
  pthread_create(&thread, NULL, test_func, NULL);
  pthread_detach(thread);
  pthread_cancel(thread);
  pthread_join(thread, NULL);
  pthread_atfork(NULL, NULL, NULL);
  pthread_exit(NULL);

  return 0;
}

